# Reading C:/Program Files (x86)/Microsemi/Libero_SoC_v11.9/Modelsim/tcl/vsim/pref.tcl
# do run.do
# Model Technology ModelSim Microsemi vmap 10.5c Lib Mapping Utility 2016.07 Jul 21 2016
# vmap postlayout ../designer/impl1/simulation/postlayout 
# Modifying modelsim.ini
# Model Technology ModelSim Microsemi vmap 10.5c Lib Mapping Utility 2016.07 Jul 21 2016
# vmap igloo C:/Program Files (x86)/Microsemi/Libero_SoC_v11.9/Designer/lib/modelsim/precompiled/vlog/igloo 
# Modifying modelsim.ini
# Model Technology ModelSim Microsemi vlog 10.5c Compiler 2016.07 Jul 21 2016
# Start time: 04:17:12 on Oct 15,2024
# vlog -reportprogress 300 -vlog01compat -work postlayout C:/Users/NaXin/Documents/THU/LiberoSoC/LeggieroRevBackscatter/designer/impl1/top_ba.v 
# -- Compiling module PLLBA
# -- Compiling module top
# 
# Top level modules:
# 	top
# End time: 04:17:12 on Oct 15,2024, Elapsed time: 0:00:00
# Errors: 0, Warnings: 0
# Model Technology ModelSim Microsemi vlog 10.5c Compiler 2016.07 Jul 21 2016
# Start time: 04:17:12 on Oct 15,2024
# vlog -reportprogress 300 "+incdir+C:/Users/NaXin/Documents/THU/LiberoSoC/LeggieroRevBackscatter/stimulus" -vlog01compat -work postlayout C:/Users/NaXin/Documents/THU/LiberoSoC/LeggieroRevBackscatter/stimulus/top_tb.v 
# -- Compiling module top_tb
# 
# Top level modules:
# 	top_tb
# End time: 04:17:12 on Oct 15,2024, Elapsed time: 0:00:00
# Errors: 0, Warnings: 0
# vsim -L igloo -L postlayout -t 1ps -sdfmax /top_0=C:/Users/NaXin/Documents/THU/LiberoSoC/LeggieroRevBackscatter/designer/impl1/top_ba.sdf postlayout.top_tb 
# Start time: 04:17:12 on Oct 15,2024
# ** License Issue: License request for actelmsimvlog feature failed
# ** License Issue: Cannot find license file. (C:\Users\NaXin\Downloads\License.dat)
# ** License Issue: Invalid (inconsistent) license key. (C:\flexlm\LICENSE.TXT)
# ** License Issue: Invalid (inconsistent) license key. (C:\flexlm\LICENSE.TXT)
# ** License Issue: Cannot checkout an uncounted license within a Windows Terminal Services guest session. (C:\Program Files\Microchip\License\DiskID_License.dat)
# ** License Issue: Cannot find license file. (C:\Program Files\Microchip\License\Floating_License.dat)
# ** License Issue: Cannot find license file. (C:\flexlm\license.dat)
# ** Error: Failure to obtain a Verilog simulation license. Unable to checkout 'actelmsimvlog' license feature.
# Error loading design
# Error: Error loading design
#        Pausing macro execution
# MACRO ./run.do PAUSED at line 16
# End time: 04:17:31 on Oct 15,2024, Elapsed time: 0:00:19
# Errors: 0, Warnings: 0
