Target Part: AGLN125V5_VQFP100_STD
Report for cell top.verilog
  Core Cell usage:
              cell count     area count*area
              AND2     1      1.0        1.0
               AO1     6      1.0        6.0
              AO1A    16      1.0       16.0
              AO1B     3      1.0        3.0
              AO1C     1      1.0        1.0
              AO1D     2      1.0        2.0
              AOI1     1      1.0        1.0
             AOI1B     5      1.0        5.0
               AX1     4      1.0        4.0
              AX1A     3      1.0        3.0
              AX1C     4      1.0        4.0
              AX1E     2      1.0        2.0
               GND     8      0.0        0.0
               INV     1      1.0        1.0
               MX2     2      1.0        2.0
              MX2B     4      1.0        4.0
              NOR2     9      1.0        9.0
             NOR2A    18      1.0       18.0
             NOR2B    54      1.0       54.0
              NOR3     8      1.0        8.0
             NOR3A    28      1.0       28.0
             NOR3B    36      1.0       36.0
             NOR3C    63      1.0       63.0
               OA1    24      1.0       24.0
              OA1A    13      1.0       13.0
              OA1B     3      1.0        3.0
              OA1C    10      1.0       10.0
               OR2    12      1.0       12.0
              OR2A     8      1.0        8.0
              OR2B    14      1.0       14.0
               OR3     3      1.0        3.0
              OR3A     3      1.0        3.0
              OR3B     6      1.0        6.0
              OR3C     7      1.0        7.0
               PLL     1      0.0        0.0
            PLLINT     1      0.0        0.0
               VCC     8      0.0        0.0
               XA1    11      1.0       11.0
              XA1A    14      1.0       14.0
              XA1B     1      1.0        1.0
              XA1C     1      1.0        1.0
             XNOR2     6      1.0        6.0
              XOR2     5      1.0        5.0


              DFN1    82      1.0       82.0
                   -----          ----------
             TOTAL   512               494.0


  IO Cell usage:
              cell count
             INBUF     5
            OUTBUF     7
                   -----
             TOTAL    12


Core Cells         : 494 of 3072 (16%)
IO Cells           : 12

  RAM/ROM Usage Summary
Block Rams : 0 of 8 (0%)

